<?xml version="1.0" encoding="UTF-8"?>
<!-- Generated by org.testng.reporters.JUnitReportReporter -->
<testsuite skipped="0" hostname="DESKTOP-NF15DBI" name="com.apparelStore.testCases.PlaceOrderTest" tests="1" failures="0" timestamp="10 Dec 2020 07:08:42 GMT" time="65.873" errors="0">
  <testcase name="placeOrder" time="65.873" classname="com.apparelStore.testCases.PlaceOrderTest"/>
</testsuite> <!-- com.apparelStore.testCases.PlaceOrderTest -->
