<?xml version="1.0" encoding="UTF-8"?>
<!-- Generated by org.testng.reporters.JUnitReportReporter -->
<testsuite skipped="0" hostname="DESKTOP-NF15DBI" name="com.apparelStore.testCases.AccountCreationTests" tests="2" failures="0" timestamp="10 Dec 2020 07:08:42 GMT" time="55.143" errors="0">
  <testcase name="createAccountCaseTest" time="25.167" classname="com.apparelStore.testCases.AccountCreationTests"/>
  <testcase name="createAccountTest" time="29.976" classname="com.apparelStore.testCases.AccountCreationTests"/>
</testsuite> <!-- com.apparelStore.testCases.AccountCreationTests -->
