<?xml version="1.0" encoding="UTF-8"?>
<!-- Generated by org.testng.reporters.JUnitReportReporter -->
<testsuite skipped="0" hostname="DESKTOP-NF15DBI" name="com.apparelStore.testCases.SearchTests" tests="6" failures="0" timestamp="10 Dec 2020 07:08:42 GMT" time="120.939" errors="0">
  <testcase name="itemsSearchTest" time="15.849" classname="com.apparelStore.testCases.SearchTests"/>
  <testcase name="itemsSearchTest" time="16.810" classname="com.apparelStore.testCases.SearchTests"/>
  <testcase name="itemsSearchTest" time="37.050" classname="com.apparelStore.testCases.SearchTests"/>
  <testcase name="itemsSearchTest" time="17.509" classname="com.apparelStore.testCases.SearchTests"/>
  <testcase name="manufacturerTest" time="16.986" classname="com.apparelStore.testCases.SearchTests"/>
  <testcase name="itemsSearchTest" time="16.735" classname="com.apparelStore.testCases.SearchTests"/>
</testsuite> <!-- com.apparelStore.testCases.SearchTests -->
