<?xml version="1.0" encoding="UTF-8"?>
<!-- Generated by org.testng.reporters.JUnitReportReporter -->
<testsuite skipped="0" hostname="DESKTOP-NF15DBI" name="com.apparelStore.testCases.LoginLogOffTest" tests="3" failures="0" timestamp="10 Dec 2020 07:08:42 GMT" time="66.224" errors="0">
  <testcase name="validLoginTest" time="20.647" classname="com.apparelStore.testCases.LoginLogOffTest"/>
  <testcase name="logOffTest" time="25.280" classname="com.apparelStore.testCases.LoginLogOffTest"/>
  <testcase name="invalidLoginTest" time="20.297" classname="com.apparelStore.testCases.LoginLogOffTest"/>
</testsuite> <!-- com.apparelStore.testCases.LoginLogOffTest -->
